2020.05.27 01:15:15 INFO  started: Metals version 0.9.0 in workspace 'C:\Users\acofp\Documents\DisenoPruebas\DP2\DP2-2-G8\DP2-G2-8'
2020.05.27 01:15:16 INFO  time: initialize in 0.3s
2020.05.27 01:15:16 INFO  no build target: using presentation compiler with only scala-library
2020.05.27 01:15:19 WARN  no build target for: C:\Gatling\gatling-charts-highcharts-bundle-3.3.1\user-files\simulations\performance\historiaUsuario11.scala
may 27, 2020 1:15:41 AM org.eclipse.lsp4j.jsonrpc.services.GenericEndpoint notify
INFORMACIÓN: Unsupported notification method: $/setTraceNotification
2020.05.27 01:17:12 WARN  no build target for: C:\Gatling\gatling-charts-highcharts-bundle-3.3.1\user-files\simulations\performance\historiaUsuario11.scala
2020.05.27 01:18:08 WARN  no build target for: C:\Gatling\gatling-charts-highcharts-bundle-3.3.1\user-files\simulations\performance\historiaUsuario11.scala
2020.05.27 01:19:31 WARN  no build target for: C:\Gatling\gatling-charts-highcharts-bundle-3.3.1\user-files\simulations\performance\historiaUsuario11.scala
2020.05.27 01:21:53 WARN  no build target for: C:\Gatling\gatling-charts-highcharts-bundle-3.3.1\user-files\simulations\performance\historiaUsuario11.scala
2020.05.27 01:23:35 WARN  no build target for: C:\Gatling\gatling-charts-highcharts-bundle-3.3.1\user-files\simulations\performance\historiaUsuario11.scala
may 27, 2020 1:30:18 AM org.eclipse.lsp4j.jsonrpc.RemoteEndpoint handleCancellation
ADVERTENCIA: Unmatched cancel notification for request id 439
may 27, 2020 1:33:20 AM org.eclipse.lsp4j.jsonrpc.RemoteEndpoint handleCancellation
ADVERTENCIA: Unmatched cancel notification for request id 449
may 27, 2020 1:33:20 AM org.eclipse.lsp4j.jsonrpc.RemoteEndpoint handleCancellation
ADVERTENCIA: Unmatched cancel notification for request id 452
2020.05.27 01:33:20 WARN  no build target for: C:\Gatling\gatling-charts-highcharts-bundle-3.3.1\user-files\simulations\performance\historiaUsuario11.scala
2020.05.27 01:47:29 WARN  no build target for: C:\Gatling\gatling-charts-highcharts-bundle-3.3.1\user-files\simulations\performance\historiaUsuario11.scala
may 27, 2020 1:47:32 AM org.eclipse.lsp4j.jsonrpc.RemoteEndpoint handleCancellation
ADVERTENCIA: Unmatched cancel notification for request id 460
may 27, 2020 1:47:34 AM org.eclipse.lsp4j.jsonrpc.RemoteEndpoint handleCancellation
ADVERTENCIA: Unmatched cancel notification for request id 465
may 27, 2020 1:47:34 AM org.eclipse.lsp4j.jsonrpc.RemoteEndpoint handleCancellation
ADVERTENCIA: Unmatched cancel notification for request id 464
may 27, 2020 1:47:34 AM org.eclipse.lsp4j.jsonrpc.RemoteEndpoint handleCancellation
ADVERTENCIA: Unmatched cancel notification for request id 468
may 27, 2020 1:47:34 AM org.eclipse.lsp4j.jsonrpc.RemoteEndpoint handleCancellation
ADVERTENCIA: Unmatched cancel notification for request id 469
may 27, 2020 1:47:35 AM org.eclipse.lsp4j.jsonrpc.RemoteEndpoint handleCancellation
ADVERTENCIA: Unmatched cancel notification for request id 463
may 27, 2020 1:47:35 AM org.eclipse.lsp4j.jsonrpc.RemoteEndpoint handleCancellation
ADVERTENCIA: Unmatched cancel notification for request id 461
may 27, 2020 1:47:36 AM org.eclipse.lsp4j.jsonrpc.RemoteEndpoint handleCancellation
ADVERTENCIA: Unmatched cancel notification for request id 473
may 27, 2020 1:47:36 AM org.eclipse.lsp4j.jsonrpc.RemoteEndpoint handleCancellation
ADVERTENCIA: Unmatched cancel notification for request id 472
may 27, 2020 1:47:36 AM org.eclipse.lsp4j.jsonrpc.RemoteEndpoint handleCancellation
ADVERTENCIA: Unmatched cancel notification for request id 477
may 27, 2020 1:47:36 AM org.eclipse.lsp4j.jsonrpc.RemoteEndpoint handleCancellation
ADVERTENCIA: Unmatched cancel notification for request id 474
may 27, 2020 1:47:37 AM org.eclipse.lsp4j.jsonrpc.RemoteEndpoint handleCancellation
ADVERTENCIA: Unmatched cancel notification for request id 481
may 27, 2020 1:47:37 AM org.eclipse.lsp4j.jsonrpc.RemoteEndpoint handleCancellation
ADVERTENCIA: Unmatched cancel notification for request id 484
may 27, 2020 1:47:37 AM org.eclipse.lsp4j.jsonrpc.RemoteEndpoint handleCancellation
ADVERTENCIA: Unmatched cancel notification for request id 485
may 27, 2020 1:47:37 AM org.eclipse.lsp4j.jsonrpc.RemoteEndpoint handleCancellation
ADVERTENCIA: Unmatched cancel notification for request id 480
may 27, 2020 1:47:37 AM org.eclipse.lsp4j.jsonrpc.RemoteEndpoint handleCancellation
ADVERTENCIA: Unmatched cancel notification for request id 482
2020.05.27 01:47:37 WARN  no build target for: C:\Gatling\gatling-charts-highcharts-bundle-3.3.1\user-files\simulations\performance\historiaUsuario11.scala
2020.05.27 01:47:37 WARN  code navigation does not work for the file 'C:\Gatling\gatling-charts-highcharts-bundle-3.3.1\user-files\simulations\performance\historiaUsuario11.scala' because it doesn't belong to a build target.
2020.05.27 01:50:46 WARN  no build target for: C:\Gatling\gatling-charts-highcharts-bundle-3.3.1\user-files\simulations\performance\historiaUsuario11.scala
2020.05.27 01:50:53 WARN  no build target for: C:\Gatling\gatling-charts-highcharts-bundle-3.3.1\user-files\simulations\performance\historiaUsuario11.scala
2020.05.27 01:53:03 WARN  no build target for: C:\Gatling\gatling-charts-highcharts-bundle-3.3.1\user-files\simulations\performance\historiaUsuario11.scala
2020.05.27 01:53:12 WARN  no build target for: C:\Gatling\gatling-charts-highcharts-bundle-3.3.1\user-files\simulations\performance\historiaUsuario11.scala
2020.05.27 01:57:19 WARN  no build target for: C:\Gatling\gatling-charts-highcharts-bundle-3.3.1\user-files\simulations\performance\historiaUsuario11.scala
may 27, 2020 1:57:19 AM org.eclipse.lsp4j.jsonrpc.RemoteEndpoint handleCancellation
ADVERTENCIA: Unmatched cancel notification for request id 534
may 27, 2020 1:57:22 AM org.eclipse.lsp4j.jsonrpc.RemoteEndpoint handleCancellation
ADVERTENCIA: Unmatched cancel notification for request id 544
may 27, 2020 1:57:28 AM org.eclipse.lsp4j.jsonrpc.RemoteEndpoint handleCancellation
ADVERTENCIA: Unmatched cancel notification for request id 564
2020.05.27 01:57:31 WARN  no build target for: C:\Gatling\gatling-charts-highcharts-bundle-3.3.1\user-files\simulations\performance\historiaUsuario11.scala
2020.05.27 02:02:56 WARN  no build target for: C:\Gatling\gatling-charts-highcharts-bundle-3.3.1\user-files\simulations\performance\historiaUsuario11.scala
2020.05.27 02:03:04 WARN  no build target for: C:\Gatling\gatling-charts-highcharts-bundle-3.3.1\user-files\simulations\performance\historiaUsuario11.scala
may 27, 2020 2:12:25 AM org.eclipse.lsp4j.jsonrpc.RemoteEndpoint handleCancellation
ADVERTENCIA: Unmatched cancel notification for request id 644
may 27, 2020 2:12:26 AM org.eclipse.lsp4j.jsonrpc.RemoteEndpoint handleCancellation
ADVERTENCIA: Unmatched cancel notification for request id 648
may 27, 2020 2:12:26 AM org.eclipse.lsp4j.jsonrpc.RemoteEndpoint handleCancellation
ADVERTENCIA: Unmatched cancel notification for request id 647
may 27, 2020 2:12:26 AM org.eclipse.lsp4j.jsonrpc.RemoteEndpoint handleCancellation
ADVERTENCIA: Unmatched cancel notification for request id 649
2020.05.27 02:12:26 WARN  no build target for: C:\Gatling\gatling-charts-highcharts-bundle-3.3.1\user-files\simulations\performance\historiaUsuario11.scala
2020.05.27 02:18:59 WARN  no build target for: C:\Gatling\gatling-charts-highcharts-bundle-3.3.1\user-files\simulations\performance\historiaUsuario11.scala
may 27, 2020 2:25:36 AM org.eclipse.lsp4j.jsonrpc.RemoteEndpoint handleCancellation
ADVERTENCIA: Unmatched cancel notification for request id 673
may 27, 2020 2:25:36 AM org.eclipse.lsp4j.jsonrpc.RemoteEndpoint handleCancellation
ADVERTENCIA: Unmatched cancel notification for request id 677
may 27, 2020 2:25:36 AM org.eclipse.lsp4j.jsonrpc.RemoteEndpoint handleCancellation
ADVERTENCIA: Unmatched cancel notification for request id 682
2020.05.27 02:25:39 WARN  no build target for: C:\Gatling\gatling-charts-highcharts-bundle-3.3.1\user-files\simulations\performance\historiaUsuario11.scala
2020.05.27 02:30:44 WARN  no build target for: C:\Gatling\gatling-charts-highcharts-bundle-3.3.1\user-files\simulations\performance\historiaUsuario11.scala
2020.05.27 02:36:14 WARN  no build target for: C:\Gatling\gatling-charts-highcharts-bundle-3.3.1\user-files\simulations\performance\historiaUsuario11.scala
may 27, 2020 2:43:44 AM org.eclipse.lsp4j.jsonrpc.RemoteEndpoint handleCancellation
ADVERTENCIA: Unmatched cancel notification for request id 724
may 27, 2020 2:43:44 AM org.eclipse.lsp4j.jsonrpc.RemoteEndpoint handleCancellation
ADVERTENCIA: Unmatched cancel notification for request id 728
2020.05.27 02:43:46 WARN  no build target for: C:\Gatling\gatling-charts-highcharts-bundle-3.3.1\user-files\simulations\performance\historiaUsuario11.scala
2020.05.27 02:43:46 WARN  code navigation does not work for the file 'C:\Gatling\gatling-charts-highcharts-bundle-3.3.1\user-files\simulations\performance\historiaUsuario11.scala' because it doesn't belong to a build target.
2020.05.27 02:50:30 WARN  no build target for: C:\Gatling\gatling-charts-highcharts-bundle-3.3.1\user-files\simulations\performance\historiaUsuario11.scala
may 27, 2020 2:56:34 AM org.eclipse.lsp4j.jsonrpc.RemoteEndpoint handleCancellation
ADVERTENCIA: Unmatched cancel notification for request id 770
may 27, 2020 2:56:36 AM org.eclipse.lsp4j.jsonrpc.RemoteEndpoint handleCancellation
ADVERTENCIA: Unmatched cancel notification for request id 773
may 27, 2020 2:56:36 AM org.eclipse.lsp4j.jsonrpc.RemoteEndpoint handleCancellation
ADVERTENCIA: Unmatched cancel notification for request id 771
may 27, 2020 2:56:36 AM org.eclipse.lsp4j.jsonrpc.RemoteEndpoint handleCancellation
ADVERTENCIA: Unmatched cancel notification for request id 774
may 27, 2020 2:56:36 AM org.eclipse.lsp4j.jsonrpc.RemoteEndpoint handleCancellation
ADVERTENCIA: Unmatched cancel notification for request id 776
may 27, 2020 2:56:36 AM org.eclipse.lsp4j.jsonrpc.RemoteEndpoint handleCancellation
ADVERTENCIA: Unmatched cancel notification for request id 772
may 27, 2020 2:56:36 AM org.eclipse.lsp4j.jsonrpc.RemoteEndpoint handleCancellation
ADVERTENCIA: Unmatched cancel notification for request id 781
may 27, 2020 2:56:37 AM org.eclipse.lsp4j.jsonrpc.RemoteEndpoint handleCancellation
ADVERTENCIA: Unmatched cancel notification for request id 778
may 27, 2020 2:56:37 AM org.eclipse.lsp4j.jsonrpc.RemoteEndpoint handleCancellation
ADVERTENCIA: Unmatched cancel notification for request id 784
may 27, 2020 2:56:37 AM org.eclipse.lsp4j.jsonrpc.RemoteEndpoint handleCancellation
ADVERTENCIA: Unmatched cancel notification for request id 783
may 27, 2020 2:56:37 AM org.eclipse.lsp4j.jsonrpc.RemoteEndpoint handleCancellation
ADVERTENCIA: Unmatched cancel notification for request id 787
may 27, 2020 2:56:37 AM org.eclipse.lsp4j.jsonrpc.RemoteEndpoint handleCancellation
ADVERTENCIA: Unmatched cancel notification for request id 775
may 27, 2020 2:56:39 AM org.eclipse.lsp4j.jsonrpc.RemoteEndpoint handleCancellation
ADVERTENCIA: Unmatched cancel notification for request id 785
may 27, 2020 2:56:39 AM org.eclipse.lsp4j.jsonrpc.RemoteEndpoint handleCancellation
ADVERTENCIA: Unmatched cancel notification for request id 788
may 27, 2020 2:56:39 AM org.eclipse.lsp4j.jsonrpc.RemoteEndpoint handleCancellation
ADVERTENCIA: Unmatched cancel notification for request id 789
may 27, 2020 2:56:40 AM org.eclipse.lsp4j.jsonrpc.RemoteEndpoint handleCancellation
ADVERTENCIA: Unmatched cancel notification for request id 790
may 27, 2020 2:56:41 AM org.eclipse.lsp4j.jsonrpc.RemoteEndpoint handleCancellation
ADVERTENCIA: Unmatched cancel notification for request id 791
may 27, 2020 2:56:41 AM org.eclipse.lsp4j.jsonrpc.RemoteEndpoint handleCancellation
ADVERTENCIA: Unmatched cancel notification for request id 794
may 27, 2020 2:56:41 AM org.eclipse.lsp4j.jsonrpc.RemoteEndpoint handleCancellation
ADVERTENCIA: Unmatched cancel notification for request id 798
may 27, 2020 2:56:41 AM org.eclipse.lsp4j.jsonrpc.RemoteEndpoint handleCancellation
ADVERTENCIA: Unmatched cancel notification for request id 792
may 27, 2020 2:56:41 AM org.eclipse.lsp4j.jsonrpc.RemoteEndpoint handleCancellation
ADVERTENCIA: Unmatched cancel notification for request id 800
may 27, 2020 2:56:41 AM org.eclipse.lsp4j.jsonrpc.RemoteEndpoint handleCancellation
ADVERTENCIA: Unmatched cancel notification for request id 804
may 27, 2020 2:56:43 AM org.eclipse.lsp4j.jsonrpc.RemoteEndpoint handleCancellation
ADVERTENCIA: Unmatched cancel notification for request id 811
may 27, 2020 2:56:43 AM org.eclipse.lsp4j.jsonrpc.RemoteEndpoint handleCancellation
ADVERTENCIA: Unmatched cancel notification for request id 810
may 27, 2020 2:56:44 AM org.eclipse.lsp4j.jsonrpc.RemoteEndpoint handleCancellation
ADVERTENCIA: Unmatched cancel notification for request id 816
2020.05.27 02:56:44 INFO  time: code lens generation in 6.73s
may 27, 2020 2:56:47 AM org.eclipse.lsp4j.jsonrpc.RemoteEndpoint handleCancellation
ADVERTENCIA: Unmatched cancel notification for request id 826
may 27, 2020 2:56:47 AM org.eclipse.lsp4j.jsonrpc.RemoteEndpoint handleCancellation
ADVERTENCIA: Unmatched cancel notification for request id 827
2020.05.27 02:56:48 WARN  no build target for: C:\Gatling\gatling-charts-highcharts-bundle-3.3.1\user-files\simulations\performance\historiaUsuario11.scala
may 27, 2020 3:31:19 AM org.eclipse.lsp4j.jsonrpc.RemoteEndpoint handleCancellation
ADVERTENCIA: Unmatched cancel notification for request id 838
may 27, 2020 3:31:21 AM org.eclipse.lsp4j.jsonrpc.RemoteEndpoint handleCancellation
ADVERTENCIA: Unmatched cancel notification for request id 840
may 27, 2020 3:31:22 AM org.eclipse.lsp4j.jsonrpc.RemoteEndpoint handleCancellation
ADVERTENCIA: Unmatched cancel notification for request id 842
may 27, 2020 3:31:22 AM org.eclipse.lsp4j.jsonrpc.RemoteEndpoint handleCancellation
ADVERTENCIA: Unmatched cancel notification for request id 847
may 27, 2020 3:31:22 AM org.eclipse.lsp4j.jsonrpc.RemoteEndpoint handleCancellation
ADVERTENCIA: Unmatched cancel notification for request id 843
may 27, 2020 3:31:22 AM org.eclipse.lsp4j.jsonrpc.RemoteEndpoint handleCancellation
ADVERTENCIA: Unmatched cancel notification for request id 844
may 27, 2020 3:31:23 AM org.eclipse.lsp4j.jsonrpc.RemoteEndpoint handleCancellation
ADVERTENCIA: Unmatched cancel notification for request id 851
may 27, 2020 3:31:23 AM org.eclipse.lsp4j.jsonrpc.RemoteEndpoint handleCancellation
ADVERTENCIA: Unmatched cancel notification for request id 853
may 27, 2020 3:31:23 AM org.eclipse.lsp4j.jsonrpc.RemoteEndpoint handleCancellation
ADVERTENCIA: Unmatched cancel notification for request id 855
may 27, 2020 3:31:23 AM org.eclipse.lsp4j.jsonrpc.RemoteEndpoint handleCancellation
ADVERTENCIA: Unmatched cancel notification for request id 850
may 27, 2020 3:31:23 AM org.eclipse.lsp4j.jsonrpc.RemoteEndpoint handleCancellation
ADVERTENCIA: Unmatched cancel notification for request id 852
may 27, 2020 3:31:23 AM org.eclipse.lsp4j.jsonrpc.RemoteEndpoint handleCancellation
ADVERTENCIA: Unmatched cancel notification for request id 858
may 27, 2020 3:31:23 AM org.eclipse.lsp4j.jsonrpc.RemoteEndpoint handleCancellation
ADVERTENCIA: Unmatched cancel notification for request id 860
may 27, 2020 3:31:27 AM org.eclipse.lsp4j.jsonrpc.RemoteEndpoint handleCancellation
ADVERTENCIA: Unmatched cancel notification for request id 857
may 27, 2020 3:31:27 AM org.eclipse.lsp4j.jsonrpc.RemoteEndpoint handleCancellation
ADVERTENCIA: Unmatched cancel notification for request id 859
may 27, 2020 3:31:27 AM org.eclipse.lsp4j.jsonrpc.RemoteEndpoint handleCancellation
ADVERTENCIA: Unmatched cancel notification for request id 864
may 27, 2020 3:31:28 AM org.eclipse.lsp4j.jsonrpc.RemoteEndpoint handleCancellation
ADVERTENCIA: Unmatched cancel notification for request id 862
may 27, 2020 3:31:28 AM org.eclipse.lsp4j.jsonrpc.RemoteEndpoint handleCancellation
ADVERTENCIA: Unmatched cancel notification for request id 866
may 27, 2020 3:31:28 AM org.eclipse.lsp4j.jsonrpc.RemoteEndpoint handleCancellation
ADVERTENCIA: Unmatched cancel notification for request id 863
may 27, 2020 3:31:28 AM org.eclipse.lsp4j.jsonrpc.RemoteEndpoint handleCancellation
ADVERTENCIA: Unmatched cancel notification for request id 869
may 27, 2020 3:31:29 AM org.eclipse.lsp4j.jsonrpc.RemoteEndpoint handleCancellation
ADVERTENCIA: Unmatched cancel notification for request id 874
may 27, 2020 3:31:29 AM org.eclipse.lsp4j.jsonrpc.RemoteEndpoint handleCancellation
ADVERTENCIA: Unmatched cancel notification for request id 878
may 27, 2020 3:31:29 AM org.eclipse.lsp4j.jsonrpc.RemoteEndpoint handleCancellation
ADVERTENCIA: Unmatched cancel notification for request id 884
may 27, 2020 3:31:35 AM org.eclipse.lsp4j.jsonrpc.RemoteEndpoint handleCancellation
ADVERTENCIA: Unmatched cancel notification for request id 883
may 27, 2020 3:31:36 AM org.eclipse.lsp4j.jsonrpc.RemoteEndpoint handleCancellation
ADVERTENCIA: Unmatched cancel notification for request id 891
may 27, 2020 3:31:36 AM org.eclipse.lsp4j.jsonrpc.RemoteEndpoint handleCancellation
ADVERTENCIA: Unmatched cancel notification for request id 896
may 27, 2020 3:31:36 AM org.eclipse.lsp4j.jsonrpc.RemoteEndpoint handleCancellation
ADVERTENCIA: Unmatched cancel notification for request id 895
may 27, 2020 3:31:36 AM org.eclipse.lsp4j.jsonrpc.RemoteEndpoint handleCancellation
ADVERTENCIA: Unmatched cancel notification for request id 901
may 27, 2020 3:31:37 AM org.eclipse.lsp4j.jsonrpc.RemoteEndpoint handleCancellation
ADVERTENCIA: Unmatched cancel notification for request id 900
may 27, 2020 3:31:37 AM org.eclipse.lsp4j.jsonrpc.RemoteEndpoint handleCancellation
ADVERTENCIA: Unmatched cancel notification for request id 908
may 27, 2020 3:31:37 AM org.eclipse.lsp4j.jsonrpc.RemoteEndpoint handleCancellation
ADVERTENCIA: Unmatched cancel notification for request id 907
may 27, 2020 3:31:37 AM org.eclipse.lsp4j.jsonrpc.RemoteEndpoint handleCancellation
ADVERTENCIA: Unmatched cancel notification for request id 912
may 27, 2020 3:31:37 AM org.eclipse.lsp4j.jsonrpc.RemoteEndpoint handleCancellation
ADVERTENCIA: Unmatched cancel notification for request id 911
may 27, 2020 3:31:37 AM org.eclipse.lsp4j.jsonrpc.RemoteEndpoint handleCancellation
ADVERTENCIA: Unmatched cancel notification for request id 918
may 27, 2020 3:31:37 AM org.eclipse.lsp4j.jsonrpc.RemoteEndpoint handleCancellation
ADVERTENCIA: Unmatched cancel notification for request id 917
may 27, 2020 3:31:38 AM org.eclipse.lsp4j.jsonrpc.RemoteEndpoint handleCancellation
ADVERTENCIA: Unmatched cancel notification for request id 921
may 27, 2020 3:31:55 AM org.eclipse.lsp4j.jsonrpc.RemoteEndpoint handleCancellation
ADVERTENCIA: Unmatched cancel notification for request id 984
may 27, 2020 3:31:55 AM org.eclipse.lsp4j.jsonrpc.RemoteEndpoint handleCancellation
ADVERTENCIA: Unmatched cancel notification for request id 983
2020.05.27 03:32:18 WARN  no build target for: C:\Gatling\gatling-charts-highcharts-bundle-3.3.1\user-files\simulations\performance\historiaUsuario11.scala
2020.05.27 03:39:28 WARN  no build target for: C:\Gatling\gatling-charts-highcharts-bundle-3.3.1\user-files\simulations\performance\historiaUsuario11.scala
2020.05.27 03:47:54 WARN  no build target for: C:\Gatling\gatling-charts-highcharts-bundle-3.3.1\user-files\simulations\performance\historiaUsuario11.scala
2020.05.27 03:53:16 WARN  no build target for: C:\Gatling\gatling-charts-highcharts-bundle-3.3.1\user-files\simulations\performance\historiaUsuario11.scala
2020.05.27 03:58:46 WARN  no build target for: C:\Gatling\gatling-charts-highcharts-bundle-3.3.1\user-files\simulations\performance\historiaUsuario11.scala
2020.05.27 04:18:35 WARN  no build target for: C:\Gatling\gatling-charts-highcharts-bundle-3.3.1\user-files\simulations\performance\historiaUsuario11.scala
may 27, 2020 4:24:26 AM org.eclipse.lsp4j.jsonrpc.RemoteEndpoint handleCancellation
ADVERTENCIA: Unmatched cancel notification for request id 1162
may 27, 2020 4:24:27 AM org.eclipse.lsp4j.jsonrpc.RemoteEndpoint handleCancellation
ADVERTENCIA: Unmatched cancel notification for request id 1166
2020.05.27 04:24:28 WARN  no build target for: C:\Gatling\gatling-charts-highcharts-bundle-3.3.1\user-files\simulations\performance\historiaUsuario11.scala
may 27, 2020 4:24:28 AM org.eclipse.lsp4j.jsonrpc.RemoteEndpoint handleCancellation
ADVERTENCIA: Unmatched cancel notification for request id 1167
2020.05.27 04:33:59 WARN  no build target for: C:\Gatling\gatling-charts-highcharts-bundle-3.3.1\user-files\simulations\performance\historiaUsuario5.scala
may 27, 2020 4:33:59 AM org.eclipse.lsp4j.jsonrpc.RemoteEndpoint handleCancellation
ADVERTENCIA: Unmatched cancel notification for request id 1172
2020.05.27 04:34:06 WARN  code navigation does not work for the file 'C:\Gatling\gatling-charts-highcharts-bundle-3.3.1\user-files\simulations\performance\historiaUsuario11.scala' because it doesn't belong to a build target.
2020.05.27 04:34:11 WARN  code navigation does not work for the file 'C:\Gatling\gatling-charts-highcharts-bundle-3.3.1\user-files\simulations\performance\historiaUsuario5.scala' because it doesn't belong to a build target.
2020.05.27 04:34:15 WARN  code navigation does not work for the file 'C:\Gatling\gatling-charts-highcharts-bundle-3.3.1\user-files\simulations\performance\historiaUsuario11.scala' because it doesn't belong to a build target.
may 27, 2020 4:34:23 AM org.eclipse.lsp4j.jsonrpc.RemoteEndpoint handleCancellation
ADVERTENCIA: Unmatched cancel notification for request id 1212
may 27, 2020 4:34:23 AM org.eclipse.lsp4j.jsonrpc.RemoteEndpoint handleCancellation
ADVERTENCIA: Unmatched cancel notification for request id 1217
may 27, 2020 4:34:23 AM org.eclipse.lsp4j.jsonrpc.RemoteEndpoint handleCancellation
ADVERTENCIA: Unmatched cancel notification for request id 1219
may 27, 2020 4:34:23 AM org.eclipse.lsp4j.jsonrpc.RemoteEndpoint handleCancellation
ADVERTENCIA: Unmatched cancel notification for request id 1216
may 27, 2020 4:34:23 AM org.eclipse.lsp4j.jsonrpc.RemoteEndpoint handleCancellation
ADVERTENCIA: Unmatched cancel notification for request id 1222
2020.05.27 04:34:38 WARN  no build target for: C:\Gatling\gatling-charts-highcharts-bundle-3.3.1\user-files\simulations\performance\historiaUsuario5.scala
may 27, 2020 4:34:54 AM org.eclipse.lsp4j.jsonrpc.RemoteEndpoint handleCancellation
ADVERTENCIA: Unmatched cancel notification for request id 1279
2020.05.27 04:34:58 WARN  no build target for: C:\Gatling\gatling-charts-highcharts-bundle-3.3.1\user-files\simulations\performance\historiaUsuario5.scala
2020.05.27 04:39:33 WARN  no build target for: C:\Gatling\gatling-charts-highcharts-bundle-3.3.1\user-files\simulations\performance\historiaUsuario5.scala
2020.05.27 04:43:38 WARN  no build target for: C:\Gatling\gatling-charts-highcharts-bundle-3.3.1\user-files\simulations\performance\historiaUsuario5.scala
2020.05.27 04:47:53 WARN  no build target for: C:\Gatling\gatling-charts-highcharts-bundle-3.3.1\user-files\simulations\performance\historiaUsuario5.scala
2020.05.27 04:52:10 WARN  no build target for: C:\Gatling\gatling-charts-highcharts-bundle-3.3.1\user-files\simulations\performance\historiaUsuario5.scala
2020.05.27 04:56:13 WARN  no build target for: C:\Gatling\gatling-charts-highcharts-bundle-3.3.1\user-files\simulations\performance\historiaUsuario5.scala
2020.05.27 05:03:01 WARN  no build target for: C:\Gatling\gatling-charts-highcharts-bundle-3.3.1\user-files\simulations\performance\historiaUsuario1.scala
2020.05.27 05:03:14 WARN  code navigation does not work for the file 'C:\Gatling\gatling-charts-highcharts-bundle-3.3.1\user-files\simulations\performance\historiaUsuario1.scala' because it doesn't belong to a build target.
2020.05.27 05:03:28 WARN  no build target for: C:\Gatling\gatling-charts-highcharts-bundle-3.3.1\user-files\simulations\performance\historiaUsuario1.scala
2020.05.27 05:03:43 WARN  no build target for: C:\Gatling\gatling-charts-highcharts-bundle-3.3.1\user-files\simulations\performance\historiaUsuario1.scala
may 27, 2020 5:09:10 AM org.eclipse.lsp4j.jsonrpc.RemoteEndpoint handleCancellation
ADVERTENCIA: Unmatched cancel notification for request id 1501
may 27, 2020 5:09:10 AM org.eclipse.lsp4j.jsonrpc.RemoteEndpoint handleCancellation
ADVERTENCIA: Unmatched cancel notification for request id 1497
may 27, 2020 5:09:10 AM org.eclipse.lsp4j.jsonrpc.RemoteEndpoint handleCancellation
ADVERTENCIA: Unmatched cancel notification for request id 1503
may 27, 2020 5:09:10 AM org.eclipse.lsp4j.jsonrpc.RemoteEndpoint handleCancellation
ADVERTENCIA: Unmatched cancel notification for request id 1504
may 27, 2020 5:09:10 AM org.eclipse.lsp4j.jsonrpc.RemoteEndpoint handleCancellation
ADVERTENCIA: Unmatched cancel notification for request id 1507
may 27, 2020 5:09:10 AM org.eclipse.lsp4j.jsonrpc.RemoteEndpoint handleCancellation
ADVERTENCIA: Unmatched cancel notification for request id 1506
may 27, 2020 5:09:10 AM org.eclipse.lsp4j.jsonrpc.RemoteEndpoint handleCancellation
ADVERTENCIA: Unmatched cancel notification for request id 1510
2020.05.27 05:09:13 WARN  no build target for: C:\Gatling\gatling-charts-highcharts-bundle-3.3.1\user-files\simulations\performance\historiaUsuario1.scala
2020.05.27 05:13:51 WARN  no build target for: C:\Gatling\gatling-charts-highcharts-bundle-3.3.1\user-files\simulations\performance\historiaUsuario1.scala
2020.05.27 05:22:38 WARN  no build target for: C:\Gatling\gatling-charts-highcharts-bundle-3.3.1\user-files\simulations\performance\historiaUsuario1.scala
2020.05.27 05:28:13 WARN  no build target for: C:\Gatling\gatling-charts-highcharts-bundle-3.3.1\user-files\simulations\performance\historiaUsuario1.scala
2020.05.27 05:33:17 WARN  no build target for: C:\Gatling\gatling-charts-highcharts-bundle-3.3.1\user-files\simulations\performance\historiaUsuario1.scala
2020.05.27 05:38:19 WARN  no build target for: C:\Gatling\gatling-charts-highcharts-bundle-3.3.1\user-files\simulations\performance\historiaUsuario1.scala
2020.05.27 05:47:29 INFO  shutting down Metals
2020.05.27 17:24:22 INFO  started: Metals version 0.9.0 in workspace 'C:\Users\acofp\Documents\DisenoPruebas\DP2\DP2-2-G8\DP2-G2-8'
2020.05.27 17:24:22 INFO  time: initialize in 0.54s
2020.05.27 17:24:23 INFO  skipping build import with status 'Dismissed'
2020.05.27 17:24:23 INFO  no build target: using presentation compiler with only scala-library
2020.05.27 17:24:27 WARN  no build target for: C:\Gatling\gatling-charts-highcharts-bundle-3.3.1\user-files\simulations\performance\historiaUsuario1.scala
2020.05.27 17:24:47 WARN  no build target for: C:\Gatling\gatling-charts-highcharts-bundle-3.3.1\user-files\simulations\performance\historiaUsuario11.scala
2020.05.27 17:25:05 WARN  no build target for: C:\Gatling\gatling-charts-highcharts-bundle-3.3.1\user-files\simulations\performance\historiaUsuario11.scala
2020.05.27 17:25:52 WARN  no build target for: C:\Gatling\gatling-charts-highcharts-bundle-3.3.1\user-files\simulations\performance\historiaUsuario11.scala
2020.05.27 17:27:40 WARN  no build target for: C:\Gatling\gatling-charts-highcharts-bundle-3.3.1\user-files\simulations\performance\historiaUsuario11.scala
2020.05.27 17:39:04 WARN  code navigation does not work for the file 'C:\Gatling\gatling-charts-highcharts-bundle-3.3.1\user-files\simulations\performance\historiaUsuario11.scala' because it doesn't belong to a build target.
2020.05.27 17:39:04 WARN  no build target for: C:\Gatling\gatling-charts-highcharts-bundle-3.3.1\user-files\simulations\performance\historiaUsuario11.scala
2020.05.27 17:54:57 WARN  no build target for: C:\Gatling\gatling-charts-highcharts-bundle-3.3.1\user-files\simulations\performance\historiaUsuario11.scala
2020.05.27 17:58:59 WARN  no build target for: C:\Gatling\gatling-charts-highcharts-bundle-3.3.1\user-files\simulations\performance\historiaUsuario11.scala
2020.05.27 18:03:51 WARN  no build target for: C:\Gatling\gatling-charts-highcharts-bundle-3.3.1\user-files\simulations\performance\historiaUsuario11.scala
2020.05.27 18:22:11 WARN  no build target for: C:\Gatling\gatling-charts-highcharts-bundle-3.3.1\user-files\simulations\performance\historiaUsuario11.scala
2020.05.27 18:31:02 WARN  no build target for: C:\Gatling\gatling-charts-highcharts-bundle-3.3.1\user-files\simulations\performance\historiaUsuario5.scala
2020.05.27 18:31:10 WARN  no build target for: C:\Gatling\gatling-charts-highcharts-bundle-3.3.1\user-files\simulations\performance\historiaUsuario5.scala
2020.05.27 18:31:24 WARN  no build target for: C:\Gatling\gatling-charts-highcharts-bundle-3.3.1\user-files\simulations\performance\historiaUsuario5.scala
2020.05.27 18:31:31 WARN  no build target for: C:\Gatling\gatling-charts-highcharts-bundle-3.3.1\user-files\simulations\performance\historiaUsuario5.scala
2020.05.27 18:35:14 WARN  no build target for: C:\Gatling\gatling-charts-highcharts-bundle-3.3.1\user-files\simulations\performance\historiaUsuario5.scala
2020.05.27 18:39:18 WARN  no build target for: C:\Gatling\gatling-charts-highcharts-bundle-3.3.1\user-files\simulations\performance\historiaUsuario1.scala
2020.05.27 18:39:40 WARN  no build target for: C:\Gatling\gatling-charts-highcharts-bundle-3.3.1\user-files\simulations\performance\historiaUsuario1.scala
2020.05.27 18:47:16 WARN  no build target for: C:\Gatling\gatling-charts-highcharts-bundle-3.3.1\user-files\simulations\performance\historiaUsuario1.scala
2020.05.27 18:51:48 WARN  no build target for: C:\Gatling\gatling-charts-highcharts-bundle-3.3.1\user-files\simulations\performance\historiaUsuario1.scala
2020.05.27 18:56:29 WARN  no build target for: C:\Gatling\gatling-charts-highcharts-bundle-3.3.1\user-files\simulations\performance\historiaUsuario1.scala
2020.05.27 19:04:21 WARN  no build target for: C:\Gatling\gatling-charts-highcharts-bundle-3.3.1\user-files\simulations\performance\historiaUsuario1.scala
2020.05.27 19:10:03 WARN  no build target for: C:\Gatling\gatling-charts-highcharts-bundle-3.3.1\user-files\simulations\performance\historiaUsuario5.scala
2020.05.27 19:10:41 WARN  no build target for: C:\Gatling\gatling-charts-highcharts-bundle-3.3.1\user-files\simulations\performance\historiaUsuario5.scala
2020.05.27 19:15:00 WARN  no build target for: C:\Gatling\gatling-charts-highcharts-bundle-3.3.1\user-files\simulations\performance\historiaUsuario5.scala
2020.05.27 19:21:18 WARN  no build target for: C:\Gatling\gatling-charts-highcharts-bundle-3.3.1\user-files\simulations\performance\historiaUsuario5.scala
2020.05.27 19:26:07 WARN  no build target for: C:\Gatling\gatling-charts-highcharts-bundle-3.3.1\user-files\simulations\performance\historiaUsuario5.scala
2020.05.27 19:30:49 WARN  no build target for: C:\Gatling\gatling-charts-highcharts-bundle-3.3.1\user-files\simulations\performance\historiaUsuario11.scala
2020.05.27 19:31:07 WARN  code navigation does not work for the file 'C:\Gatling\gatling-charts-highcharts-bundle-3.3.1\user-files\simulations\performance\historiaUsuario11.scala' because it doesn't belong to a build target.
2020.05.27 19:31:14 WARN  no build target for: C:\Gatling\gatling-charts-highcharts-bundle-3.3.1\user-files\simulations\performance\historiaUsuario11.scala
2020.05.27 19:31:44 WARN  no build target for: C:\Gatling\gatling-charts-highcharts-bundle-3.3.1\user-files\simulations\performance\historiaUsuario11.scala
2020.05.27 19:39:24 WARN  code navigation does not work for the file 'C:\Gatling\gatling-charts-highcharts-bundle-3.3.1\user-files\simulations\performance\historiaUsuario1.scala' because it doesn't belong to a build target.
2020.05.27 19:39:33 WARN  code navigation does not work for the file 'C:\Gatling\gatling-charts-highcharts-bundle-3.3.1\user-files\simulations\performance\historiaUsuario1.scala' because it doesn't belong to a build target.
2020.05.27 19:39:41 WARN  code navigation does not work for the file 'C:\Gatling\gatling-charts-highcharts-bundle-3.3.1\user-files\simulations\performance\historiaUsuario1.scala' because it doesn't belong to a build target.
2020.05.27 19:39:43 WARN  no build target for: C:\Gatling\gatling-charts-highcharts-bundle-3.3.1\user-files\simulations\performance\historiaUsuario1.scala
2020.05.27 19:50:04 WARN  no build target for: C:\Gatling\gatling-charts-highcharts-bundle-3.3.1\user-files\simulations\performance\historiaUsuario1.scala
2020.05.27 19:56:27 WARN  code navigation does not work for the file 'C:\Gatling\gatling-charts-highcharts-bundle-3.3.1\user-files\simulations\performance\historiaUsuario1.scala' because it doesn't belong to a build target.
2020.05.27 19:56:27 WARN  no build target for: C:\Gatling\gatling-charts-highcharts-bundle-3.3.1\user-files\simulations\performance\historiaUsuario1.scala
2020.05.27 20:04:37 WARN  no build target for: C:\Gatling\gatling-charts-highcharts-bundle-3.3.1\user-files\simulations\performance\historiaUsuario1.scala
2020.05.27 20:17:04 WARN  no build target for: C:\Gatling\gatling-charts-highcharts-bundle-3.3.1\user-files\simulations\performance\historiaUsuario5.scala
2020.05.27 20:17:15 WARN  no build target for: C:\Gatling\gatling-charts-highcharts-bundle-3.3.1\user-files\simulations\performance\historiaUsuario5.scala
2020.05.27 20:18:05 WARN  code navigation does not work for the file 'C:\Gatling\gatling-charts-highcharts-bundle-3.3.1\user-files\simulations\performance\historiaUsuario5.scala' because it doesn't belong to a build target.
2020.05.27 20:18:05 WARN  no build target for: C:\Gatling\gatling-charts-highcharts-bundle-3.3.1\user-files\simulations\performance\historiaUsuario5.scala
2020.05.27 20:18:29 WARN  no build target for: C:\Gatling\gatling-charts-highcharts-bundle-3.3.1\user-files\simulations\performance\historiaUsuario5.scala
2020.05.27 20:18:38 WARN  no build target for: C:\Gatling\gatling-charts-highcharts-bundle-3.3.1\user-files\simulations\performance\historiaUsuario5.scala
2020.05.27 20:19:27 WARN  code navigation does not work for the file 'C:\Gatling\gatling-charts-highcharts-bundle-3.3.1\user-files\simulations\performance\historiaUsuario5.scala' because it doesn't belong to a build target.
2020.05.27 20:19:29 WARN  no build target for: C:\Gatling\gatling-charts-highcharts-bundle-3.3.1\user-files\simulations\performance\historiaUsuario5.scala
2020.05.27 20:25:44 WARN  no build target for: C:\Gatling\gatling-charts-highcharts-bundle-3.3.1\user-files\simulations\performance\historiaUsuario5.scala
2020.05.27 20:34:04 WARN  no build target for: C:\Gatling\gatling-charts-highcharts-bundle-3.3.1\user-files\simulations\performance\historiaUsuario5.scala
2020.05.27 20:40:38 WARN  no build target for: C:\Gatling\gatling-charts-highcharts-bundle-3.3.1\user-files\simulations\performance\historiaUsuario5.scala
2020.05.27 20:45:22 INFO  shutting down Metals
2020.05.27 20:46:02 INFO  started: Metals version 0.9.0 in workspace 'C:\Users\acofp\Documents\DisenoPruebas\DP2\DP2-2-G8\DP2-G2-8'
2020.05.27 20:46:02 INFO  time: initialize in 0.44s
2020.05.27 20:46:03 INFO  skipping build import with status 'Dismissed'
2020.05.27 20:46:03 INFO  no build target: using presentation compiler with only scala-library
2020.05.27 20:46:05 WARN  no build target for: C:\Gatling\gatling-charts-highcharts-bundle-3.3.1\user-files\simulations\performance\historiaUsuario5.scala
2020.05.27 20:52:20 WARN  no build target for: C:\Gatling\gatling-charts-highcharts-bundle-3.3.1\user-files\simulations\performance\historiaUsuario5.scala
2020.05.27 20:56:35 WARN  no build target for: C:\Gatling\gatling-charts-highcharts-bundle-3.3.1\user-files\simulations\performance\historiaUsuario5.scala
2020.05.27 21:01:31 WARN  no build target for: C:\Gatling\gatling-charts-highcharts-bundle-3.3.1\user-files\simulations\performance\historiaUsuario5.scala
2020.05.27 21:04:54 WARN  code navigation does not work for the file 'C:\Gatling\gatling-charts-highcharts-bundle-3.3.1\user-files\simulations\performance\historiaUsuario5.scala' because it doesn't belong to a build target.
2020.05.27 21:09:21 WARN  no build target for: C:\Gatling\gatling-charts-highcharts-bundle-3.3.1\user-files\simulations\performance\historiaUsuario5.scala
2020.05.27 21:14:05 WARN  no build target for: C:\Gatling\gatling-charts-highcharts-bundle-3.3.1\user-files\simulations\performance\historiaUsuario5.scala
2020.05.27 21:16:49 INFO  shutting down Metals
2020.05.27 21:17:14 INFO  started: Metals version 0.9.0 in workspace 'C:\Users\acofp\Documents\DisenoPruebas\DP2\DP2-2-G8\DP2-G2-8'
2020.05.27 21:17:14 INFO  time: initialize in 0.52s
2020.05.27 21:17:15 INFO  skipping build import with status 'Dismissed'
2020.05.27 21:17:15 INFO  no build target: using presentation compiler with only scala-library
2020.05.27 21:17:17 WARN  no build target for: C:\Gatling\gatling-charts-highcharts-bundle-3.3.1\user-files\simulations\performance\historiaUsuario5.scala
2020.05.27 21:22:59 WARN  no build target for: C:\Gatling\gatling-charts-highcharts-bundle-3.3.1\user-files\simulations\performance\historiaUsuario5.scala
may 27, 2020 9:27:03 PM org.eclipse.lsp4j.jsonrpc.RemoteEndpoint handleCancellation
ADVERTENCIA: Unmatched cancel notification for request id 45
2020.05.27 21:27:04 WARN  no build target for: C:\Gatling\gatling-charts-highcharts-bundle-3.3.1\user-files\simulations\performance\historiaUsuario5.scala
2020.05.27 21:31:45 WARN  no build target for: C:\Gatling\gatling-charts-highcharts-bundle-3.3.1\user-files\simulations\performance\historiaUsuario5.scala
2020.05.27 21:42:20 WARN  no build target for: C:\Gatling\gatling-charts-highcharts-bundle-3.3.1\user-files\simulations\performance\historiaUsuario11alter.scala
2020.05.27 21:42:36 WARN  code navigation does not work for the file 'C:\Gatling\gatling-charts-highcharts-bundle-3.3.1\user-files\simulations\performance\historiaUsuario11alter.scala' because it doesn't belong to a build target.
2020.05.27 21:42:46 WARN  no build target for: C:\Gatling\gatling-charts-highcharts-bundle-3.3.1\user-files\simulations\performance\historiaUsuario11alter.scala
2020.05.27 21:42:54 WARN  code navigation does not work for the file 'C:\Gatling\gatling-charts-highcharts-bundle-3.3.1\user-files\simulations\performance\historiaUsuario11alter.scala' because it doesn't belong to a build target.
2020.05.27 21:42:56 WARN  code navigation does not work for the file 'C:\Gatling\gatling-charts-highcharts-bundle-3.3.1\user-files\simulations\performance\historiaUsuario11alter.scala' because it doesn't belong to a build target.
2020.05.27 21:43:15 WARN  no build target for: C:\Gatling\gatling-charts-highcharts-bundle-3.3.1\user-files\simulations\performance\historiaUsuario11alter.scala
2020.05.27 21:43:51 WARN  no build target for: C:\Gatling\gatling-charts-highcharts-bundle-3.3.1\user-files\simulations\performance\historiaUsuario11alter.scala
2020.05.27 21:44:19 WARN  no build target for: C:\Gatling\gatling-charts-highcharts-bundle-3.3.1\user-files\simulations\performance\historiaUsuario11alter.scala
2020.05.27 21:45:11 WARN  code navigation does not work for the file 'C:\Gatling\gatling-charts-highcharts-bundle-3.3.1\user-files\simulations\performance\historiaUsuario11alter.scala' because it doesn't belong to a build target.
2020.05.27 21:45:19 WARN  no build target for: C:\Gatling\gatling-charts-highcharts-bundle-3.3.1\user-files\simulations\performance\historiaUsuario11alter.scala
2020.05.27 21:45:41 WARN  code navigation does not work for the file 'C:\Gatling\gatling-charts-highcharts-bundle-3.3.1\user-files\simulations\performance\historiaUsuario11alter.scala' because it doesn't belong to a build target.
2020.05.27 21:45:57 WARN  no build target for: C:\Gatling\gatling-charts-highcharts-bundle-3.3.1\user-files\simulations\performance\historiaUsuario11alter.scala
2020.05.27 21:46:28 WARN  no build target for: C:\Gatling\gatling-charts-highcharts-bundle-3.3.1\user-files\simulations\performance\historiaUsuario11alter.scala
2020.05.27 21:46:55 WARN  no build target for: C:\Gatling\gatling-charts-highcharts-bundle-3.3.1\user-files\simulations\performance\historiaUsuario11alter.scala
2020.05.27 21:47:09 WARN  no build target for: C:\Gatling\gatling-charts-highcharts-bundle-3.3.1\user-files\simulations\performance\historiaUsuario11alter.scala
2020.05.27 21:47:30 WARN  code navigation does not work for the file 'C:\Gatling\gatling-charts-highcharts-bundle-3.3.1\user-files\simulations\performance\historiaUsuario11alter.scala' because it doesn't belong to a build target.
2020.05.27 21:47:38 WARN  no build target for: C:\Gatling\gatling-charts-highcharts-bundle-3.3.1\user-files\simulations\performance\historiaUsuario11alter.scala
2020.05.27 21:47:50 WARN  code navigation does not work for the file 'C:\Gatling\gatling-charts-highcharts-bundle-3.3.1\user-files\simulations\performance\historiaUsuario11alter.scala' because it doesn't belong to a build target.
2020.05.27 21:48:11 WARN  code navigation does not work for the file 'C:\Gatling\gatling-charts-highcharts-bundle-3.3.1\user-files\simulations\performance\historiaUsuario11alter.scala' because it doesn't belong to a build target.
2020.05.27 21:48:24 WARN  no build target for: C:\Gatling\gatling-charts-highcharts-bundle-3.3.1\user-files\simulations\performance\historiaUsuario11alter.scala
2020.05.27 21:49:56 WARN  no build target for: C:\Gatling\gatling-charts-highcharts-bundle-3.3.1\user-files\simulations\performance\historiaUsuario11alter.scala
2020.05.27 21:50:05 WARN  code navigation does not work for the file 'C:\Gatling\gatling-charts-highcharts-bundle-3.3.1\user-files\simulations\performance\historiaUsuario11alter.scala' because it doesn't belong to a build target.
2020.05.27 21:50:27 WARN  no build target for: C:\Gatling\gatling-charts-highcharts-bundle-3.3.1\user-files\simulations\performance\historiaUsuario11alter.scala
2020.05.27 21:50:38 WARN  no build target for: C:\Gatling\gatling-charts-highcharts-bundle-3.3.1\user-files\simulations\performance\historiaUsuario11alter.scala
2020.05.27 21:50:48 WARN  no build target for: C:\Gatling\gatling-charts-highcharts-bundle-3.3.1\user-files\simulations\performance\historiaUsuario11alter.scala
2020.05.27 21:51:04 WARN  no build target for: C:\Gatling\gatling-charts-highcharts-bundle-3.3.1\user-files\simulations\performance\historiaUsuario11alter.scala
2020.05.27 21:51:23 WARN  no build target for: C:\Gatling\gatling-charts-highcharts-bundle-3.3.1\user-files\simulations\performance\historiaUsuario11alter.scala
2020.05.27 21:51:30 WARN  no build target for: C:\Gatling\gatling-charts-highcharts-bundle-3.3.1\user-files\simulations\performance\historiaUsuario1.scala
2020.05.27 21:52:12 WARN  no build target for: C:\Gatling\gatling-charts-highcharts-bundle-3.3.1\user-files\simulations\performance\historiaUsuario11alter.scala
may 27, 2020 9:52:22 PM org.eclipse.lsp4j.jsonrpc.RemoteEndpoint handleCancellation
ADVERTENCIA: Unmatched cancel notification for request id 1440
2020.05.27 21:52:41 WARN  no build target for: C:\Gatling\gatling-charts-highcharts-bundle-3.3.1\user-files\simulations\performance\historiaUsuario11alter.scala
2020.05.27 21:54:59 WARN  no build target for: C:\Gatling\gatling-charts-highcharts-bundle-3.3.1\user-files\simulations\performance\historiaUsuario11alter.scala
2020.05.27 21:56:09 WARN  no build target for: C:\Gatling\gatling-charts-highcharts-bundle-3.3.1\user-files\simulations\performance\historiaUsuario11alter.scala
2020.05.27 21:56:20 WARN  no build target for: C:\Gatling\gatling-charts-highcharts-bundle-3.3.1\user-files\simulations\performance\historiaUsuario11alter.scala
2020.05.27 21:56:32 WARN  code navigation does not work for the file 'C:\Gatling\gatling-charts-highcharts-bundle-3.3.1\user-files\simulations\performance\historiaUsuario1.scala' because it doesn't belong to a build target.
2020.05.27 21:56:39 WARN  no build target for: C:\Gatling\gatling-charts-highcharts-bundle-3.3.1\user-files\simulations\performance\historiaUsuario11alter.scala
2020.05.27 21:58:26 WARN  no build target for: C:\Gatling\gatling-charts-highcharts-bundle-3.3.1\user-files\simulations\performance\historiaUsuario11alter.scala
2020.05.27 22:03:07 WARN  no build target for: C:\Gatling\gatling-charts-highcharts-bundle-3.3.1\user-files\simulations\performance\historiaUsuario11alter.scala
2020.05.28 01:27:44 INFO  shutting down Metals
2020.05.28 04:42:46 INFO  started: Metals version 0.9.0 in workspace 'C:\Users\acofp\Documents\DisenoPruebas\DP2\DP2-2-G8\DP2-G2-8'
2020.05.28 04:42:46 INFO  time: initialize in 0.4s
2020.05.28 04:42:47 INFO  skipping build import with status 'Dismissed'
2020.05.28 04:42:47 INFO  no build target: using presentation compiler with only scala-library
2020.05.28 04:42:49 WARN  no build target for: C:\Users\acofp\Documents\DisenoPruebas\DP2\DP2-2-G8\DP2-G2-8\src\performance\historiaUsuario1.scala
2020.05.28 04:45:09 WARN  no build target for: C:\Users\acofp\Documents\DisenoPruebas\DP2\DP2-2-G8\DP2-G2-8\src\performance\historiaUsuario1.scala
2020.05.28 04:45:10 WARN  no build target for: C:\Users\acofp\Documents\DisenoPruebas\DP2\DP2-2-G8\DP2-G2-8\src\performance\historiaUsuario5.scala
may 28, 2020 4:45:11 AM org.eclipse.lsp4j.jsonrpc.RemoteEndpoint handleCancellation
ADVERTENCIA: Unmatched cancel notification for request id 50
2020.05.28 04:45:40 WARN  no build target for: C:\Users\acofp\Documents\DisenoPruebas\DP2\DP2-2-G8\DP2-G2-8\src\performance\historiaUsuario5.scala
2020.05.28 04:45:43 WARN  no build target for: C:\Users\acofp\Documents\DisenoPruebas\DP2\DP2-2-G8\DP2-G2-8\src\performance\historiaUsuario11alter.scala
2020.05.28 04:45:55 WARN  no build target for: C:\Users\acofp\Documents\DisenoPruebas\DP2\DP2-2-G8\DP2-G2-8\src\performance\historiaUsuario11alter.scala
2020.05.28 04:46:06 WARN  no build target for: C:\Users\acofp\Documents\DisenoPruebas\DP2\DP2-2-G8\DP2-G2-8\src\performance\historiaUsuario11alter.scala
2020.05.28 04:46:10 INFO  shutting down Metals
2020.05.28 17:19:47 INFO  started: Metals version 0.9.0 in workspace 'C:\Users\acofp\Documents\DisenoPruebas\DP2\DP2-2-G8\DP2-G2-8'
2020.05.28 17:19:48 INFO  time: initialize in 0.41s
2020.05.28 17:19:49 INFO  skipping build import with status 'Dismissed'
2020.05.28 17:19:49 INFO  no build target: using presentation compiler with only scala-library
2020.05.28 17:19:52 WARN  no build target for: C:\Users\acofp\Documents\DisenoPruebas\DP2\DP2-2-G8\DP2-G2-8\src\performance\historiaUsuario11alter.scala
2020.05.28 17:29:52 WARN  no build target for: C:\Users\acofp\Documents\DisenoPruebas\DP2\DP2-2-G8\DP2-G2-8\src\performance\historiaUsuario5.scala
2020.05.28 17:29:54 WARN  no build target for: C:\Users\acofp\Documents\DisenoPruebas\DP2\DP2-2-G8\DP2-G2-8\src\performance\historiaUsuario1.scala
2020.05.28 19:27:43 WARN  code navigation does not work for the file 'C:\Users\acofp\Documents\DisenoPruebas\DP2\DP2-2-G8\DP2-G2-8\src\performance\historiaUsuario1.scala' because it doesn't belong to a build target.
2020.05.28 20:11:32 INFO  shutting down Metals
2020.05.28 20:17:03 INFO  started: Metals version 0.9.0 in workspace 'C:\Users\acofp\Documents\DisenoPruebas\DP2\DP2-2-G8\DP2-G2-8'
2020.05.28 20:17:04 INFO  time: initialize in 0.49s
2020.05.28 20:17:05 INFO  skipping build import with status 'Dismissed'
2020.05.28 20:57:00 INFO  shutting down Metals
